<?xml version="1.0" encoding="UTF-8"?>
<!-- Generated by org.testng.reporters.JUnitReportReporter -->
<testsuite hostname="DESKTOP-AF71NMN" name="com.api.tests.TestPUTUpdatePetStatus" tests="3" failures="0" timestamp="27 Oct 2020 04:16:15 GMT" time="0.051" errors="0">
  <testcase name="validateStatusCodeToBE200" time="0.007" classname="com.api.tests.TestPUTUpdatePetStatus"/>
  <testcase name="validateResponseStatusToBeSold" time="0.011" classname="com.api.tests.TestPUTUpdatePetStatus"/>
  <testcase name="validateResponseIDToEqualToRequestID" time="0.033" classname="com.api.tests.TestPUTUpdatePetStatus"/>
</testsuite> <!-- com.api.tests.TestPUTUpdatePetStatus -->
