<?xml version="1.0" encoding="UTF-8"?>
<!-- Generated by org.testng.reporters.JUnitReportReporter -->
<testsuite hostname="DESKTOP-AF71NMN" name="com.api.tests.TestGETAllAvailablePets" tests="3" failures="0" timestamp="27 Oct 2020 04:16:15 GMT" time="0.034" errors="0">
  <testcase name="validateResponseIsNotNull" time="0.009" classname="com.api.tests.TestGETAllAvailablePets"/>
  <testcase name="validateStatusCodeToBE200" time="0.012" classname="com.api.tests.TestGETAllAvailablePets"/>
  <testcase name="validateResponseIsNotEmpty" time="0.013" classname="com.api.tests.TestGETAllAvailablePets"/>
</testsuite> <!-- com.api.tests.TestGETAllAvailablePets -->
