<?xml version="1.0" encoding="UTF-8"?>
<!-- Generated by org.testng.reporters.JUnitReportReporter -->
<testsuite hostname="DESKTOP-AF71NMN" name="com.api.tests.TestDELETEPet" tests="2" failures="0" timestamp="27 Oct 2020 04:16:15 GMT" time="1.526" errors="0">
  <testcase name="validateMessageInResponse" time="1.522" classname="com.api.tests.TestDELETEPet"/>
  <testcase name="validateStatusCodeToBE200" time="0.004" classname="com.api.tests.TestDELETEPet"/>
</testsuite> <!-- com.api.tests.TestDELETEPet -->
