<?xml version="1.0" encoding="UTF-8"?>
<!-- Generated by org.testng.reporters.JUnitReportReporter -->
<testsuite hostname="DESKTOP-AF71NMN" name="com.api.tests.TestPOSTNewAvailablePet" tests="2" failures="0" timestamp="27 Oct 2020 04:16:15 GMT" time="0.020" errors="0">
  <testcase name="validateStatusCodeToBE200" time="0.005" classname="com.api.tests.TestPOSTNewAvailablePet"/>
  <testcase name="validateResponseIDToEqualToRequestID" time="0.015" classname="com.api.tests.TestPOSTNewAvailablePet"/>
</testsuite> <!-- com.api.tests.TestPOSTNewAvailablePet -->
